2021-01-02 23:56:04,037 [myid:] - INFO  [main:QuorumPeerConfig@174] - Reading configuration from: /mnt/c/Users/Admin/Desktop/Boulot/Cours-ENSTA/3A/BigData/Partiel/apache-zookeeper-3.6.2-bin/bin/../conf/zoo.cfg
2021-01-02 23:56:04,061 [myid:] - INFO  [main:QuorumPeerConfig@460] - clientPortAddress is 0.0.0.0:2181
2021-01-02 23:56:04,061 [myid:] - INFO  [main:QuorumPeerConfig@464] - secureClientPort is not set
2021-01-02 23:56:04,062 [myid:] - INFO  [main:QuorumPeerConfig@480] - observerMasterPort is not set
2021-01-02 23:56:04,062 [myid:] - INFO  [main:QuorumPeerConfig@497] - metricsProvider.className is org.apache.zookeeper.metrics.impl.DefaultMetricsProvider
2021-01-02 23:56:04,066 [myid:] - INFO  [main:DatadirCleanupManager@78] - autopurge.snapRetainCount set to 3
2021-01-02 23:56:04,066 [myid:] - INFO  [main:DatadirCleanupManager@79] - autopurge.purgeInterval set to 0
2021-01-02 23:56:04,066 [myid:] - INFO  [main:DatadirCleanupManager@101] - Purge task is not scheduled.
2021-01-02 23:56:04,066 [myid:] - WARN  [main:QuorumPeerMain@138] - Either no config or no quorum defined in config, running in standalone mode
2021-01-02 23:56:04,071 [myid:] - INFO  [main:ManagedUtil@44] - Log4j 1.2 jmx support found and enabled.
2021-01-02 23:56:04,085 [myid:] - INFO  [main:QuorumPeerConfig@174] - Reading configuration from: /mnt/c/Users/Admin/Desktop/Boulot/Cours-ENSTA/3A/BigData/Partiel/apache-zookeeper-3.6.2-bin/bin/../conf/zoo.cfg
2021-01-02 23:56:04,087 [myid:] - INFO  [main:QuorumPeerConfig@460] - clientPortAddress is 0.0.0.0:2181
2021-01-02 23:56:04,087 [myid:] - INFO  [main:QuorumPeerConfig@464] - secureClientPort is not set
2021-01-02 23:56:04,087 [myid:] - INFO  [main:QuorumPeerConfig@480] - observerMasterPort is not set
2021-01-02 23:56:04,087 [myid:] - INFO  [main:QuorumPeerConfig@497] - metricsProvider.className is org.apache.zookeeper.metrics.impl.DefaultMetricsProvider
2021-01-02 23:56:04,088 [myid:] - INFO  [main:ZooKeeperServerMain@122] - Starting server
2021-01-02 23:56:04,111 [myid:] - INFO  [main:ServerMetrics@62] - ServerMetrics initialized with provider org.apache.zookeeper.metrics.impl.DefaultMetricsProvider@770c2e6b
2021-01-02 23:56:04,118 [myid:] - INFO  [main:FileTxnSnapLog@124] - zookeeper.snapshot.trust.empty : false
2021-01-02 23:56:04,141 [myid:] - INFO  [main:ZookeeperBanner@42] - 
2021-01-02 23:56:04,141 [myid:] - INFO  [main:ZookeeperBanner@42] -   ______                  _                                          
2021-01-02 23:56:04,141 [myid:] - INFO  [main:ZookeeperBanner@42] -  |___  /                 | |                                         
2021-01-02 23:56:04,141 [myid:] - INFO  [main:ZookeeperBanner@42] -     / /    ___     ___   | | __   ___    ___   _ __     ___   _ __   
2021-01-02 23:56:04,141 [myid:] - INFO  [main:ZookeeperBanner@42] -    / /    / _ \   / _ \  | |/ /  / _ \  / _ \ | '_ \   / _ \ | '__|
2021-01-02 23:56:04,142 [myid:] - INFO  [main:ZookeeperBanner@42] -   / /__  | (_) | | (_) | |   <  |  __/ |  __/ | |_) | |  __/ | |    
2021-01-02 23:56:04,142 [myid:] - INFO  [main:ZookeeperBanner@42] -  /_____|  \___/   \___/  |_|\_\  \___|  \___| | .__/   \___| |_|
2021-01-02 23:56:04,142 [myid:] - INFO  [main:ZookeeperBanner@42] -                                               | |                     
2021-01-02 23:56:04,142 [myid:] - INFO  [main:ZookeeperBanner@42] -                                               |_|                     
2021-01-02 23:56:04,142 [myid:] - INFO  [main:ZookeeperBanner@42] - 
2021-01-02 23:56:04,146 [myid:] - INFO  [main:Environment@98] - Server environment:zookeeper.version=3.6.2--803c7f1a12f85978cb049af5e4ef23bd8b688715, built on 09/04/2020 12:44 GMT
2021-01-02 23:56:04,146 [myid:] - INFO  [main:Environment@98] - Server environment:host.name=LAPTOP-Q3LS6KEQ.localdomain
2021-01-02 23:56:04,146 [myid:] - INFO  [main:Environment@98] - Server environment:java.version=11.0.8
2021-01-02 23:56:04,146 [myid:] - INFO  [main:Environment@98] - Server environment:java.vendor=Ubuntu
2021-01-02 23:56:04,147 [myid:] - INFO  [main:Environment@98] - Server environment:java.home=/usr/lib/jvm/java-11-openjdk-amd64
2021-01-02 23:56:04,147 [myid:] - INFO  [main:Environment@98] - Server environment:java.class.path=/mnt/c/Users/Admin/Desktop/Boulot/Cours-ENSTA/3A/BigData/Partiel/apache-zookeeper-3.6.2-bin/bin/../zookeeper-server/target/classes:/mnt/c/Users/Admin/Desktop/Boulot/Cours-ENSTA/3A/BigData/Partiel/apache-zookeeper-3.6.2-bin/bin/../build/classes:/mnt/c/Users/Admin/Desktop/Boulot/Cours-ENSTA/3A/BigData/Partiel/apache-zookeeper-3.6.2-bin/bin/../zookeeper-server/target/lib/*.jar:/mnt/c/Users/Admin/Desktop/Boulot/Cours-ENSTA/3A/BigData/Partiel/apache-zookeeper-3.6.2-bin/bin/../build/lib/*.jar:/mnt/c/Users/Admin/Desktop/Boulot/Cours-ENSTA/3A/BigData/Partiel/apache-zookeeper-3.6.2-bin/bin/../lib/zookeeper-prometheus-metrics-3.6.2.jar:/mnt/c/Users/Admin/Desktop/Boulot/Cours-ENSTA/3A/BigData/Partiel/apache-zookeeper-3.6.2-bin/bin/../lib/zookeeper-jute-3.6.2.jar:/mnt/c/Users/Admin/Desktop/Boulot/Cours-ENSTA/3A/BigData/Partiel/apache-zookeeper-3.6.2-bin/bin/../lib/zookeeper-3.6.2.jar:/mnt/c/Users/Admin/Desktop/Boulot/Cours-ENSTA/3A/BigData/Partiel/apache-zookeeper-3.6.2-bin/bin/../lib/snappy-java-1.1.7.jar:/mnt/c/Users/Admin/Desktop/Boulot/Cours-ENSTA/3A/BigData/Partiel/apache-zookeeper-3.6.2-bin/bin/../lib/slf4j-log4j12-1.7.25.jar:/mnt/c/Users/Admin/Desktop/Boulot/Cours-ENSTA/3A/BigData/Partiel/apache-zookeeper-3.6.2-bin/bin/../lib/slf4j-api-1.7.25.jar:/mnt/c/Users/Admin/Desktop/Boulot/Cours-ENSTA/3A/BigData/Partiel/apache-zookeeper-3.6.2-bin/bin/../lib/simpleclient_servlet-0.6.0.jar:/mnt/c/Users/Admin/Desktop/Boulot/Cours-ENSTA/3A/BigData/Partiel/apache-zookeeper-3.6.2-bin/bin/../lib/simpleclient_hotspot-0.6.0.jar:/mnt/c/Users/Admin/Desktop/Boulot/Cours-ENSTA/3A/BigData/Partiel/apache-zookeeper-3.6.2-bin/bin/../lib/simpleclient_common-0.6.0.jar:/mnt/c/Users/Admin/Desktop/Boulot/Cours-ENSTA/3A/BigData/Partiel/apache-zookeeper-3.6.2-bin/bin/../lib/simpleclient-0.6.0.jar:/mnt/c/Users/Admin/Desktop/Boulot/Cours-ENSTA/3A/BigData/Partiel/apache-zookeeper-3.6.2-bin/bin/../lib/netty-transport-native-unix-common-4.1.50.Final.jar:/mnt/c/Users/Admin/Desktop/Boulot/Cours-ENSTA/3A/BigData/Partiel/apache-zookeeper-3.6.2-bin/bin/../lib/netty-transport-native-epoll-4.1.50.Final.jar:/mnt/c/Users/Admin/Desktop/Boulot/Cours-ENSTA/3A/BigData/Partiel/apache-zookeeper-3.6.2-bin/bin/../lib/netty-transport-4.1.50.Final.jar:/mnt/c/Users/Admin/Desktop/Boulot/Cours-ENSTA/3A/BigData/Partiel/apache-zookeeper-3.6.2-bin/bin/../lib/netty-resolver-4.1.50.Final.jar:/mnt/c/Users/Admin/Desktop/Boulot/Cours-ENSTA/3A/BigData/Partiel/apache-zookeeper-3.6.2-bin/bin/../lib/netty-handler-4.1.50.Final.jar:/mnt/c/Users/Admin/Desktop/Boulot/Cours-ENSTA/3A/BigData/Partiel/apache-zookeeper-3.6.2-bin/bin/../lib/netty-common-4.1.50.Final.jar:/mnt/c/Users/Admin/Desktop/Boulot/Cours-ENSTA/3A/BigData/Partiel/apache-zookeeper-3.6.2-bin/bin/../lib/netty-codec-4.1.50.Final.jar:/mnt/c/Users/Admin/Desktop/Boulot/Cours-ENSTA/3A/BigData/Partiel/apache-zookeeper-3.6.2-bin/bin/../lib/netty-buffer-4.1.50.Final.jar:/mnt/c/Users/Admin/Desktop/Boulot/Cours-ENSTA/3A/BigData/Partiel/apache-zookeeper-3.6.2-bin/bin/../lib/metrics-core-3.2.5.jar:/mnt/c/Users/Admin/Desktop/Boulot/Cours-ENSTA/3A/BigData/Partiel/apache-zookeeper-3.6.2-bin/bin/../lib/log4j-1.2.17.jar:/mnt/c/Users/Admin/Desktop/Boulot/Cours-ENSTA/3A/BigData/Partiel/apache-zookeeper-3.6.2-bin/bin/../lib/json-simple-1.1.1.jar:/mnt/c/Users/Admin/Desktop/Boulot/Cours-ENSTA/3A/BigData/Partiel/apache-zookeeper-3.6.2-bin/bin/../lib/jline-2.14.6.jar:/mnt/c/Users/Admin/Desktop/Boulot/Cours-ENSTA/3A/BigData/Partiel/apache-zookeeper-3.6.2-bin/bin/../lib/jetty-util-9.4.24.v20191120.jar:/mnt/c/Users/Admin/Desktop/Boulot/Cours-ENSTA/3A/BigData/Partiel/apache-zookeeper-3.6.2-bin/bin/../lib/jetty-servlet-9.4.24.v20191120.jar:/mnt/c/Users/Admin/Desktop/Boulot/Cours-ENSTA/3A/BigData/Partiel/apache-zookeeper-3.6.2-bin/bin/../lib/jetty-server-9.4.24.v20191120.jar:/mnt/c/Users/Admin/Desktop/Boulot/Cours-ENSTA/3A/BigData/Partiel/apache-zookeeper-3.6.2-bin/bin/../lib/jetty-security-9.4.24.v20191120.jar:/mnt/c/Users/Admin/Desktop/Boulot/Cours-ENSTA/3A/BigData/Partiel/apache-zookeeper-3.6.2-bin/bin/../lib/jetty-io-9.4.24.v20191120.jar:/mnt/c/Users/Admin/Desktop/Boulot/Cours-ENSTA/3A/BigData/Partiel/apache-zookeeper-3.6.2-bin/bin/../lib/jetty-http-9.4.24.v20191120.jar:/mnt/c/Users/Admin/Desktop/Boulot/Cours-ENSTA/3A/BigData/Partiel/apache-zookeeper-3.6.2-bin/bin/../lib/javax.servlet-api-3.1.0.jar:/mnt/c/Users/Admin/Desktop/Boulot/Cours-ENSTA/3A/BigData/Partiel/apache-zookeeper-3.6.2-bin/bin/../lib/jackson-databind-2.10.3.jar:/mnt/c/Users/Admin/Desktop/Boulot/Cours-ENSTA/3A/BigData/Partiel/apache-zookeeper-3.6.2-bin/bin/../lib/jackson-core-2.10.3.jar:/mnt/c/Users/Admin/Desktop/Boulot/Cours-ENSTA/3A/BigData/Partiel/apache-zookeeper-3.6.2-bin/bin/../lib/jackson-annotations-2.10.3.jar:/mnt/c/Users/Admin/Desktop/Boulot/Cours-ENSTA/3A/BigData/Partiel/apache-zookeeper-3.6.2-bin/bin/../lib/commons-lang-2.6.jar:/mnt/c/Users/Admin/Desktop/Boulot/Cours-ENSTA/3A/BigData/Partiel/apache-zookeeper-3.6.2-bin/bin/../lib/commons-cli-1.2.jar:/mnt/c/Users/Admin/Desktop/Boulot/Cours-ENSTA/3A/BigData/Partiel/apache-zookeeper-3.6.2-bin/bin/../lib/audience-annotations-0.5.0.jar:/mnt/c/Users/Admin/Desktop/Boulot/Cours-ENSTA/3A/BigData/Partiel/apache-zookeeper-3.6.2-bin/bin/../zookeeper-*.jar:/mnt/c/Users/Admin/Desktop/Boulot/Cours-ENSTA/3A/BigData/Partiel/apache-zookeeper-3.6.2-bin/bin/../zookeeper-server/src/main/resources/lib/*.jar:/mnt/c/Users/Admin/Desktop/Boulot/Cours-ENSTA/3A/BigData/Partiel/apache-zookeeper-3.6.2-bin/bin/../conf:
2021-01-02 23:56:04,147 [myid:] - INFO  [main:Environment@98] - Server environment:java.library.path=/usr/java/packages/lib:/usr/lib/x86_64-linux-gnu/jni:/lib/x86_64-linux-gnu:/usr/lib/x86_64-linux-gnu:/usr/lib/jni:/lib:/usr/lib
2021-01-02 23:56:04,147 [myid:] - INFO  [main:Environment@98] - Server environment:java.io.tmpdir=/tmp
2021-01-02 23:56:04,147 [myid:] - INFO  [main:Environment@98] - Server environment:java.compiler=<NA>
2021-01-02 23:56:04,147 [myid:] - INFO  [main:Environment@98] - Server environment:os.name=Linux
2021-01-02 23:56:04,147 [myid:] - INFO  [main:Environment@98] - Server environment:os.arch=amd64
2021-01-02 23:56:04,148 [myid:] - INFO  [main:Environment@98] - Server environment:os.version=4.4.0-18362-Microsoft
2021-01-02 23:56:04,148 [myid:] - INFO  [main:Environment@98] - Server environment:user.name=bihare
2021-01-02 23:56:04,148 [myid:] - INFO  [main:Environment@98] - Server environment:user.home=/home/bihare
2021-01-02 23:56:04,148 [myid:] - INFO  [main:Environment@98] - Server environment:user.dir=/mnt/c/Users/Admin/Desktop/Boulot/Cours-ENSTA/3A/BigData/Partiel
2021-01-02 23:56:04,148 [myid:] - INFO  [main:Environment@98] - Server environment:os.memory.free=147MB
2021-01-02 23:56:04,148 [myid:] - INFO  [main:Environment@98] - Server environment:os.memory.max=1000MB
2021-01-02 23:56:04,148 [myid:] - INFO  [main:Environment@98] - Server environment:os.memory.total=162MB
2021-01-02 23:56:04,148 [myid:] - INFO  [main:ZooKeeperServer@129] - zookeeper.enableEagerACLCheck = false
2021-01-02 23:56:04,148 [myid:] - INFO  [main:ZooKeeperServer@137] - zookeeper.digest.enabled = true
2021-01-02 23:56:04,148 [myid:] - INFO  [main:ZooKeeperServer@141] - zookeeper.closeSessionTxn.enabled = true
2021-01-02 23:56:04,149 [myid:] - INFO  [main:ZooKeeperServer@1444] - zookeeper.flushDelay=0
2021-01-02 23:56:04,149 [myid:] - INFO  [main:ZooKeeperServer@1453] - zookeeper.maxWriteQueuePollTime=0
2021-01-02 23:56:04,149 [myid:] - INFO  [main:ZooKeeperServer@1462] - zookeeper.maxBatchSize=1000
2021-01-02 23:56:04,149 [myid:] - INFO  [main:ZooKeeperServer@243] - zookeeper.intBufferStartingSizeBytes = 1024
2021-01-02 23:56:04,151 [myid:] - INFO  [main:BlueThrottle@141] - Weighed connection throttling is disabled
2021-01-02 23:56:04,153 [myid:] - INFO  [main:ZooKeeperServer@1256] - minSessionTimeout set to 4000
2021-01-02 23:56:04,153 [myid:] - INFO  [main:ZooKeeperServer@1265] - maxSessionTimeout set to 40000
2021-01-02 23:56:04,155 [myid:] - INFO  [main:ResponseCache@45] - Response cache size is initialized with value 400.
2021-01-02 23:56:04,156 [myid:] - INFO  [main:ResponseCache@45] - Response cache size is initialized with value 400.
2021-01-02 23:56:04,158 [myid:] - INFO  [main:RequestPathMetricsCollector@111] - zookeeper.pathStats.slotCapacity = 60
2021-01-02 23:56:04,158 [myid:] - INFO  [main:RequestPathMetricsCollector@112] - zookeeper.pathStats.slotDuration = 15
2021-01-02 23:56:04,159 [myid:] - INFO  [main:RequestPathMetricsCollector@113] - zookeeper.pathStats.maxDepth = 6
2021-01-02 23:56:04,159 [myid:] - INFO  [main:RequestPathMetricsCollector@114] - zookeeper.pathStats.initialDelay = 5
2021-01-02 23:56:04,159 [myid:] - INFO  [main:RequestPathMetricsCollector@115] - zookeeper.pathStats.delay = 5
2021-01-02 23:56:04,160 [myid:] - INFO  [main:RequestPathMetricsCollector@116] - zookeeper.pathStats.enabled = false
2021-01-02 23:56:04,165 [myid:] - INFO  [main:ZooKeeperServer@1481] - The max bytes for all large requests are set to 104857600
2021-01-02 23:56:04,165 [myid:] - INFO  [main:ZooKeeperServer@1495] - The large request threshold is set to -1
2021-01-02 23:56:04,166 [myid:] - INFO  [main:ZooKeeperServer@339] - Created server with tickTime 2000 minSessionTimeout 4000 maxSessionTimeout 40000 clientPortListenBacklog -1 datadir /mnt/c/Users/Admin/Desktop/Boulot/Cours-ENSTA/3A/BigData/Partiel/data/version-2 snapdir /mnt/c/Users/Admin/Desktop/Boulot/Cours-ENSTA/3A/BigData/Partiel/data/version-2
2021-01-02 23:56:04,210 [myid:] - INFO  [main:Log@169] - Logging initialized @1526ms to org.eclipse.jetty.util.log.Slf4jLog
2021-01-02 23:56:04,348 [myid:] - WARN  [main:ContextHandler@1520] - o.e.j.s.ServletContextHandler@55141def{/,null,UNAVAILABLE} contextPath ends with /*
2021-01-02 23:56:04,348 [myid:] - WARN  [main:ContextHandler@1531] - Empty contextPath
2021-01-02 23:56:04,383 [myid:] - INFO  [main:Server@359] - jetty-9.4.24.v20191120; built: 2019-11-20T21:37:49.771Z; git: 363d5f2df3a8a28de40604320230664b9c793c16; jvm 11.0.8+10-post-Ubuntu-0ubuntu118.04.1
2021-01-02 23:56:04,443 [myid:] - INFO  [main:DefaultSessionIdManager@333] - DefaultSessionIdManager workerName=node0
2021-01-02 23:56:04,444 [myid:] - INFO  [main:DefaultSessionIdManager@338] - No SessionScavenger set, using defaults
2021-01-02 23:56:04,446 [myid:] - INFO  [main:HouseKeeper@140] - node0 Scavenging every 660000ms
2021-01-02 23:56:04,450 [myid:] - WARN  [main:ConstraintSecurityHandler@757] - ServletContext@o.e.j.s.ServletContextHandler@55141def{/,null,STARTING} has uncovered http methods for path: /*
2021-01-02 23:56:04,480 [myid:] - INFO  [main:ContextHandler@825] - Started o.e.j.s.ServletContextHandler@55141def{/,null,AVAILABLE}
2021-01-02 23:56:04,503 [myid:] - INFO  [main:AbstractConnector@330] - Started ServerConnector@61862a7f{HTTP/1.1,[http/1.1]}{0.0.0.0:8080}
2021-01-02 23:56:04,504 [myid:] - INFO  [main:Server@399] - Started @1820ms
2021-01-02 23:56:04,504 [myid:] - INFO  [main:JettyAdminServer@182] - Started AdminServer on address 0.0.0.0, port 8080 and command URL /commands
2021-01-02 23:56:04,512 [myid:] - INFO  [main:ServerCnxnFactory@169] - Using org.apache.zookeeper.server.NIOServerCnxnFactory as server connection factory
2021-01-02 23:56:04,514 [myid:] - WARN  [main:ServerCnxnFactory@309] - maxCnxns is not configured, using default value 0.
2021-01-02 23:56:04,516 [myid:] - INFO  [main:NIOServerCnxnFactory@666] - Configuring NIO connection handler with 10s sessionless connection timeout, 2 selector thread(s), 16 worker threads, and 64 kB direct buffers.
2021-01-02 23:56:04,518 [myid:] - INFO  [main:NIOServerCnxnFactory@674] - binding to port 0.0.0.0/0.0.0.0:2181
2021-01-02 23:56:04,542 [myid:] - INFO  [main:WatchManagerFactory@42] - Using org.apache.zookeeper.server.watch.WatchManager as watch manager
2021-01-02 23:56:04,543 [myid:] - INFO  [main:WatchManagerFactory@42] - Using org.apache.zookeeper.server.watch.WatchManager as watch manager
2021-01-02 23:56:04,544 [myid:] - INFO  [main:ZKDatabase@132] - zookeeper.snapshotSizeFactor = 0.33
2021-01-02 23:56:04,545 [myid:] - INFO  [main:ZKDatabase@152] - zookeeper.commitLogCount=500
2021-01-02 23:56:04,555 [myid:] - INFO  [main:SnapStream@61] - zookeeper.snapshot.compression.method = CHECKED
2021-01-02 23:56:04,555 [myid:] - INFO  [main:FileTxnSnapLog@470] - Snapshotting: 0x0 to /mnt/c/Users/Admin/Desktop/Boulot/Cours-ENSTA/3A/BigData/Partiel/data/version-2/snapshot.0
2021-01-02 23:56:04,563 [myid:] - INFO  [main:ZKDatabase@289] - Snapshot loaded in 19 ms, highest zxid is 0x0, digest is 1371985504
2021-01-02 23:56:04,563 [myid:] - INFO  [main:FileTxnSnapLog@470] - Snapshotting: 0x0 to /mnt/c/Users/Admin/Desktop/Boulot/Cours-ENSTA/3A/BigData/Partiel/data/version-2/snapshot.0
2021-01-02 23:56:04,565 [myid:] - INFO  [main:ZooKeeperServer@529] - Snapshot taken in 2 ms
2021-01-02 23:56:04,580 [myid:] - INFO  [ProcessThread(sid:0 cport:2181)::PrepRequestProcessor@136] - PrepRequestProcessor (sid:0) started, reconfigEnabled=false
2021-01-02 23:56:04,580 [myid:] - INFO  [main:RequestThrottler@74] - zookeeper.request_throttler.shutdownTimeout = 10000
2021-01-02 23:56:04,601 [myid:] - INFO  [main:ContainerManager@83] - Using checkIntervalMs=60000 maxPerMinute=10000 maxNeverUsedIntervalMs=0
2021-01-02 23:56:04,603 [myid:] - INFO  [main:ZKAuditProvider@42] - ZooKeeper audit is disabled.
2021-01-02 23:56:12,994 [myid:] - INFO  [SyncThread:0:FileTxnLog@284] - Creating new log file: log.1
2021-01-02 23:58:05,753 [myid:] - WARN  [NIOWorkerThread-10:NIOServerCnxn@364] - Unexpected exception
EndOfStreamException: Unable to read additional data from client, it probably closed the socket: address = /127.0.0.1:49823, session = 0x100000057820000
	at org.apache.zookeeper.server.NIOServerCnxn.handleFailedRead(NIOServerCnxn.java:163)
	at org.apache.zookeeper.server.NIOServerCnxn.doIO(NIOServerCnxn.java:326)
	at org.apache.zookeeper.server.NIOServerCnxnFactory$IOWorkRequest.doWork(NIOServerCnxnFactory.java:522)
	at org.apache.zookeeper.server.WorkerService$ScheduledWorkRequest.run(WorkerService.java:154)
	at java.base/java.util.concurrent.ThreadPoolExecutor.runWorker(ThreadPoolExecutor.java:1128)
	at java.base/java.util.concurrent.ThreadPoolExecutor$Worker.run(ThreadPoolExecutor.java:628)
	at java.base/java.lang.Thread.run(Thread.java:834)
2021-01-02 23:58:24,166 [myid:] - INFO  [SessionTracker:ZooKeeperServer@610] - Expiring session 0x100000057820000, timeout of 18000ms exceeded
